<?xml version="1.0" encoding="UTF-8"?>
<!-- Generated by org.testng.reporters.JUnitReportReporter -->
<testsuite hostname="DESKTOP-VOM9BK7" failures="0" tests="1" name="TestRunner.CucumberTestRunner" time="5.558" errors="0" timestamp="2024-08-22T15:56:05 IST" skipped="0">
  <testcase classname="TestRunner.CucumberTestRunner" name="runScenario" time="5.558"/>
</testsuite> <!-- TestRunner.CucumberTestRunner -->
