<?xml version="1.0" encoding="UTF-8"?>
<!-- Generated by org.testng.reporters.JUnitReportReporter -->
<testsuite hostname="DESKTOP-VOM9BK7" failures="0" tests="2" name="TestRunner.CucumberTestRunnerForTags" time="0.088" errors="0" timestamp="2024-08-22T15:50:39 IST" skipped="0">
  <testcase classname="TestRunner.CucumberTestRunnerForTags" name="runScenario" time="0.079"/>
  <testcase classname="TestRunner.CucumberTestRunnerForTags" name="runScenario" time="0.009"/>
</testsuite> <!-- TestRunner.CucumberTestRunnerForTags -->
