<?xml version="1.0" encoding="UTF-8"?>
<!-- Generated by org.testng.reporters.JUnitReportReporter -->
<testsuite hostname="DESKTOP-VOM9BK7" failures="0" tests="1" name="TestRunner.CucumberTestRunner" time="8.800" errors="0" timestamp="2024-08-23T14:03:45 IST" skipped="0">
  <testcase classname="TestRunner.CucumberTestRunner" name="runScenario" time="8.800"/>
</testsuite> <!-- TestRunner.CucumberTestRunner -->
